#
# There is insufficient memory for the Java Runtime Environment to continue.
# Native memory allocation (malloc) failed to allocate 132176 bytes for Chunk::new
# Possible reasons:
#   The system is out of physical RAM or swap space
#   The process is running with CompressedOops enabled, and the Java Heap may be blocking the growth of the native heap
# Possible solutions:
#   Reduce memory load on the system
#   Increase physical memory or swap space
#   Check if swap backing store is full
#   Decrease Java heap size (-Xmx/-Xms)
#   Decrease number of Java threads
#   Decrease Java thread stack sizes (-Xss)
#   Set larger code cache with -XX:ReservedCodeCacheSize=
#   JVM is running with Zero Based Compressed Oops mode in which the Java heap is
#     placed in the first 32GB address space. The Java Heap base address is the
#     maximum limit for the native heap growth. Please use -XX:HeapBaseMinAddress
#     to set the Java Heap base and to place the Java Heap above 32GB virtual address.
# This output file may be truncated or incomplete.
#
#  Out of Memory Error (allocation.cpp:389), pid=7372, tid=0x0000000000001d9c
#
# JRE version: OpenJDK Runtime Environment (8.0_242-b01) (build 1.8.0_242-release-1644-b01)
# Java VM: OpenJDK 64-Bit Server VM (25.242-b01 mixed mode windows-amd64 compressed oops)
# Failed to write core dump. Minidumps are not enabled by default on client versions of Windows
#

---------------  T H R E A D  ---------------

Current thread (0x000000001d353800):  JavaThread "C2 CompilerThread0" daemon [_thread_in_native, id=7580, stack(0x000000001dc20000,0x000000001dd20000)]

Stack: [0x000000001dc20000,0x000000001dd20000]
[error occurred during error reporting (printing stack bounds), id 0xc0000005]

Native frames: (J=compiled Java code, j=interpreted, Vv=VM code, C=native code)


Current CompileTask:
C2:   2408  794       4       sun.net.www.ParseUtil::encodePath (336 bytes)


---------------  P R O C E S S  ---------------

Java Threads: ( => current thread )
  0x000000001ec82800 JavaThread "pool-1-thread-1" [_thread_blocked, id=14108, stack(0x000000001fbf0000,0x000000001fcf0000)]
  0x000000001d3be000 JavaThread "Service Thread" daemon [_thread_blocked, id=13548, stack(0x000000001e020000,0x000000001e120000)]
  0x000000001d367800 JavaThread "C1 CompilerThread3" daemon [_thread_blocked, id=10520, stack(0x000000001df20000,0x000000001e020000)]
  0x000000001d362000 JavaThread "C2 CompilerThread2" daemon [_thread_blocked, id=13280, stack(0x000000001de20000,0x000000001df20000)]
  0x000000001d356000 JavaThread "C2 CompilerThread1" daemon [_thread_blocked, id=9088, stack(0x000000001dd20000,0x000000001de20000)]
=>0x000000001d353800 JavaThread "C2 CompilerThread0" daemon [_thread_in_native, id=7580, stack(0x000000001dc20000,0x000000001dd20000)]
  0x000000001d350000 JavaThread "Attach Listener" daemon [_thread_blocked, id=14392, stack(0x000000001db20000,0x000000001dc20000)]
  0x000000001d34f000 JavaThread "Signal Dispatcher" daemon [_thread_blocked, id=13644, stack(0x000000001da20000,0x000000001db20000)]
  0x0000000002d6d800 JavaThread "Finalizer" daemon [_thread_blocked, id=12076, stack(0x000000001d820000,0x000000001d920000)]
  0x0000000002d67000 JavaThread "Reference Handler" daemon [_thread_blocked, id=10392, stack(0x000000001d720000,0x000000001d820000)]
  0x0000000002dde800 JavaThread "main" [_thread_in_native, id=12564, stack(0x0000000002b60000,0x0000000002c60000)]

Other Threads:
  0x000000001b546000 VMThread [stack: 0x000000001d220000,0x000000001d320000] [id=4528]
  0x000000001d3be800 WatcherThread [stack: 0x000000001e120000,0x000000001e220000] [id=9560]

VM state:not at safepoint (normal execution)

VM Mutex/Monitor currently owned by a thread: None

heap address: 0x00000006e1e00000, size: 3554 MB, Compressed Oops mode: Zero based, Oop shift amount: 3
Narrow klass base: 0x0000000000000000, Narrow klass shift: 3
Compressed class space size: 1073741824 Address: 0x00000007c0000000

Heap:
 PSYoungGen      total 67072K, used 17937K [0x0000000775f80000, 0x000000077aa00000, 0x00000007c0000000)
  eden space 57856K, 31% used [0x0000000775f80000,0x0000000777104448,0x0000000779800000)
  from space 9216K, 0% used [0x0000000779800000,0x0000000779800000,0x000000077a100000)
  to   space 9216K, 0% used [0x000000077a100000,0x000000077a100000,0x000000077aa00000)
 ParOldGen       total 101888K, used 2985K [0x00000006e1e00000, 0x00000006e8180000, 0x0000000775f80000)
  object space 101888K, 2% used [0x00000006e1e00000,0x00000006e20ea7f8,0x00000006e8180000)
 Metaspace       used 9902K, capacity 10212K, committed 10496K, reserved 1064960K
  class space    used 1311K, capacity 1432K, committed 1536K, reserved 1048576K

Card table byte_map: [0x00000000121a0000,0x00000000128a0000] byte_map_base: 0x000000000ea91000

Marking Bits: (ParMarkBitMap*) 0x0000000071fdf030
 Begin Bits: [0x0000000013550000, 0x0000000016cd8000)
 End Bits:   [0x0000000016cd8000, 0x000000001a460000)

Polling page: 0x0000000000da0000

CodeCache: size=245760Kb used=2973Kb max_used=2973Kb free=242786Kb
 bounds [0x0000000002de0000, 0x00000000030d0000, 0x0000000011de0000]
 total_blobs=1141 nmethods=793 adapters=263
 compilation: enabled

Compilation events (10 events):
Event: 2.394 Thread 0x000000001d367800 nmethod 790 0x00000000030c5150 code [0x00000000030c5360, 0x00000000030c5ed8]
Event: 2.394 Thread 0x000000001d367800  784       3       java.lang.invoke.LambdaForm$Name::<init> (54 bytes)
Event: 2.394 Thread 0x000000001d367800 nmethod 784 0x00000000030c6390 code [0x00000000030c6500, 0x00000000030c6730]
Event: 2.394 Thread 0x000000001d367800  786       3       jdk.internal.org.objectweb.asm.AnnotationWriter::visitEnd (43 bytes)
Event: 2.394 Thread 0x000000001d367800 nmethod 786 0x00000000030c67d0 code [0x00000000030c6940, 0x00000000030c6b30]
Event: 2.395 Thread 0x000000001d367800  792       3       jdk.internal.org.objectweb.asm.MethodWriter::visitAnnotation (82 bytes)
Event: 2.395 Thread 0x000000001d367800 nmethod 792 0x00000000030c6c50 code [0x00000000030c6e20, 0x00000000030c7518]
Event: 2.397 Thread 0x000000001d367800  793       3       jdk.internal.org.objectweb.asm.Label::resolve (214 bytes)
Event: 2.397 Thread 0x000000001d367800 nmethod 793 0x00000000030c7850 code [0x00000000030c79e0, 0x00000000030c7eb0]
Event: 2.400 Thread 0x000000001d353800  794       4       sun.net.www.ParseUtil::encodePath (336 bytes)

GC Heap History (4 events):
Event: 0.872 GC heap before
{Heap before GC invocations=1 (full 0):
 PSYoungGen      total 67072K, used 21987K [0x0000000775f80000, 0x000000077aa00000, 0x00000007c0000000)
  eden space 57856K, 38% used [0x0000000775f80000,0x00000007774f8cc8,0x0000000779800000)
  from space 9216K, 0% used [0x000000077a100000,0x000000077a100000,0x000000077aa00000)
  to   space 9216K, 0% used [0x0000000779800000,0x0000000779800000,0x000000077a100000)
 ParOldGen       total 153088K, used 0K [0x00000006e1e00000, 0x00000006eb380000, 0x0000000775f80000)
  object space 153088K, 0% used [0x00000006e1e00000,0x00000006e1e00000,0x00000006eb380000)
 Metaspace       used 6748K, capacity 6904K, committed 7040K, reserved 1058816K
  class space    used 824K, capacity 884K, committed 896K, reserved 1048576K
Event: 0.879 GC heap after
Heap after GC invocations=1 (full 0):
 PSYoungGen      total 67072K, used 3186K [0x0000000775f80000, 0x000000077aa00000, 0x00000007c0000000)
  eden space 57856K, 0% used [0x0000000775f80000,0x0000000775f80000,0x0000000779800000)
  from space 9216K, 34% used [0x0000000779800000,0x0000000779b1c908,0x000000077a100000)
  to   space 9216K, 0% used [0x000000077a100000,0x000000077a100000,0x000000077aa00000)
 ParOldGen       total 153088K, used 8K [0x00000006e1e00000, 0x00000006eb380000, 0x0000000775f80000)
  object space 153088K, 0% used [0x00000006e1e00000,0x00000006e1e02000,0x00000006eb380000)
 Metaspace       used 6748K, capacity 6904K, committed 7040K, reserved 1058816K
  class space    used 824K, capacity 884K, committed 896K, reserved 1048576K
}
Event: 0.879 GC heap before
{Heap before GC invocations=2 (full 1):
 PSYoungGen      total 67072K, used 3186K [0x0000000775f80000, 0x000000077aa00000, 0x00000007c0000000)
  eden space 57856K, 0% used [0x0000000775f80000,0x0000000775f80000,0x0000000779800000)
  from space 9216K, 34% used [0x0000000779800000,0x0000000779b1c908,0x000000077a100000)
  to   space 9216K, 0% used [0x000000077a100000,0x000000077a100000,0x000000077aa00000)
 ParOldGen       total 153088K, used 8K [0x00000006e1e00000, 0x00000006eb380000, 0x0000000775f80000)
  object space 153088K, 0% used [0x00000006e1e00000,0x00000006e1e02000,0x00000006eb380000)
 Metaspace       used 6748K, capacity 6904K, committed 7040K, reserved 1058816K
  class space    used 824K, capacity 884K, committed 896K, reserved 1048576K
Event: 0.895 GC heap after
Heap after GC invocations=2 (full 1):
 PSYoungGen      total 67072K, used 0K [0x0000000775f80000, 0x000000077aa00000, 0x00000007c0000000)
  eden space 57856K, 0% used [0x0000000775f80000,0x0000000775f80000,0x0000000779800000)
  from space 9216K, 0% used [0x0000000779800000,0x0000000779800000,0x000000077a100000)
  to   space 9216K, 0% used [0x000000077a100000,0x000000077a100000,0x000000077aa00000)
 ParOldGen       total 101888K, used 2985K [0x00000006e1e00000, 0x00000006e8180000, 0x0000000775f80000)
  object space 101888K, 2% used [0x00000006e1e00000,0x00000006e20ea7f8,0x00000006e8180000)
 Metaspace       used 6748K, capacity 6904K, committed 7040K, reserved 1058816K
  class space    used 824K, capacity 884K, committed 896K, reserved 1048576K
}

Deoptimization events (8 events):
Event: 0.778 Thread 0x0000000002dde800 Uncommon trap: reason=unstable_if action=reinterpret pc=0x0000000002f754c8 method=java.util.regex.Matcher.reset()Ljava/util/regex/Matcher; @ 47
Event: 0.778 Thread 0x0000000002dde800 Uncommon trap: reason=class_check action=maybe_recompile pc=0x0000000002f767e4 method=java.util.regex.Matcher.match(II)Z @ 86
Event: 0.778 Thread 0x0000000002dde800 Uncommon trap: reason=class_check action=maybe_recompile pc=0x0000000002f767e4 method=java.util.regex.Matcher.match(II)Z @ 86
Event: 0.779 Thread 0x0000000002dde800 Uncommon trap: reason=class_check action=maybe_recompile pc=0x0000000002f767e4 method=java.util.regex.Matcher.match(II)Z @ 86
Event: 0.779 Thread 0x0000000002dde800 Uncommon trap: reason=class_check action=maybe_recompile pc=0x0000000002f767e4 method=java.util.regex.Matcher.match(II)Z @ 86
Event: 1.042 Thread 0x0000000002dde800 Uncommon trap: reason=unstable_if action=reinterpret pc=0x0000000003053b44 method=java.util.HashMap.hash(Ljava/lang/Object;)I @ 1
Event: 1.230 Thread 0x0000000002dde800 Uncommon trap: reason=unstable_if action=reinterpret pc=0x00000000030495d4 method=java.util.HashMap.getNode(ILjava/lang/Object;)Ljava/util/HashMap$Node; @ 129
Event: 1.230 Thread 0x0000000002dde800 Uncommon trap: reason=bimorphic action=maybe_recompile pc=0x00000000030590b0 method=java.util.HashMap.putVal(ILjava/lang/Object;Ljava/lang/Object;ZZ)Ljava/lang/Object; @ 203

Classes redefined (0 events):
No events

Internal exceptions (10 events):
Event: 1.042 Thread 0x0000000002dde800 Implicit null exception at 0x0000000003053915 to 0x0000000003053b35
Event: 1.056 Thread 0x0000000002dde800 Exception <a 'java/lang/ArrayIndexOutOfBoundsException'> (0x000000077675c8c8) thrown at [C:\src\AOSP-openjdk-git\hotspot\src\share\vm\runtime\sharedRuntime.cpp, line 605]
Event: 1.056 Thread 0x0000000002dde800 Exception <a 'java/lang/ArrayIndexOutOfBoundsException'> (0x0000000776760bf0) thrown at [C:\src\AOSP-openjdk-git\hotspot\src\share\vm\runtime\sharedRuntime.cpp, line 605]
Event: 1.072 Thread 0x0000000002dde800 Exception <a 'java/lang/ArrayIndexOutOfBoundsException'> (0x00000007767c1de8) thrown at [C:\src\AOSP-openjdk-git\hotspot\src\share\vm\runtime\sharedRuntime.cpp, line 605]
Event: 1.072 Thread 0x0000000002dde800 Exception <a 'java/lang/ArrayIndexOutOfBoundsException'> (0x00000007767c2ec0) thrown at [C:\src\AOSP-openjdk-git\hotspot\src\share\vm\runtime\sharedRuntime.cpp, line 605]
Event: 1.074 Thread 0x0000000002dde800 Exception <a 'java/lang/ArrayIndexOutOfBoundsException'> (0x00000007767c5538) thrown at [C:\src\AOSP-openjdk-git\hotspot\src\share\vm\runtime\sharedRuntime.cpp, line 605]
Event: 1.075 Thread 0x0000000002dde800 Exception <a 'java/lang/ArrayIndexOutOfBoundsException'> (0x00000007767c7110) thrown at [C:\src\AOSP-openjdk-git\hotspot\src\share\vm\runtime\sharedRuntime.cpp, line 605]
Event: 1.075 Thread 0x0000000002dde800 Exception <a 'java/lang/ArrayIndexOutOfBoundsException'> (0x00000007767ca890) thrown at [C:\src\AOSP-openjdk-git\hotspot\src\share\vm\runtime\sharedRuntime.cpp, line 605]
Event: 1.146 Thread 0x0000000002dde800 Exception <a 'java/lang/NoSuchFieldError': method resolution failed> (0x0000000776995fb8) thrown at [C:\src\AOSP-openjdk-git\hotspot\src\share\vm\prims\methodHandles.cpp, line 1167]
Event: 1.150 Thread 0x0000000002dde800 Exception <a 'java/lang/NoSuchFieldError': method resolution failed> (0x00000007769a4068) thrown at [C:\src\AOSP-openjdk-git\hotspot\src\share\vm\prims\methodHandles.cpp, line 1167]

Events (10 events):
Event: 2.400 loading class org/gradle/internal/remote/internal/inet/SocketInetAddress$Serializer
Event: 2.400 loading class org/gradle/internal/remote/internal/inet/SocketInetAddress$Serializer done
Event: 2.400 Thread 0x0000000002dde800 DEOPT PACKING pc=0x0000000002fa2d53 sp=0x0000000002c5b1a0
Event: 2.400 Thread 0x0000000002dde800 DEOPT UNPACKING pc=0x0000000002e271d0 sp=0x0000000002c5af00 mode 0
Event: 2.400 loading class org/gradle/internal/serialize/kryo/KryoBackedDecoder
Event: 2.400 loading class org/gradle/internal/serialize/kryo/KryoBackedDecoder done
Event: 2.401 loading class com/esotericsoftware/kryo/KryoException
Event: 2.401 loading class com/esotericsoftware/kryo/KryoException done
Event: 2.402 loading class com/esotericsoftware/kryo/io/Input
Event: 2.402 loading class com/esotericsoftware/kryo/io/Input done


Dynamic libraries:
0x00007ff60bec0000 - 0x00007ff60bef1000 	C:\Program Files\Android\Android Studio\jre\bin\java.exe
0x00007ffb36840000 - 0x00007ffb36a2d000 	C:\Windows\SYSTEM32\ntdll.dll
0x00007ffb34e10000 - 0x00007ffb34ec3000 	C:\Windows\System32\KERNEL32.DLL
0x00007ffb32a10000 - 0x00007ffb32ca5000 	C:\Windows\System32\KERNELBASE.dll
0x00007ffb34f30000 - 0x00007ffb34fd3000 	C:\Windows\System32\ADVAPI32.dll
0x00007ffb36710000 - 0x00007ffb367ae000 	C:\Windows\System32\msvcrt.dll
0x00007ffb33b40000 - 0x00007ffb33bde000 	C:\Windows\System32\sechost.dll
0x00007ffb365d0000 - 0x00007ffb366f2000 	C:\Windows\System32\RPCRT4.dll
0x00007ffb34710000 - 0x00007ffb348a7000 	C:\Windows\System32\USER32.dll
0x00007ffb33750000 - 0x00007ffb33770000 	C:\Windows\System32\win32u.dll
0x00007ffb34190000 - 0x00007ffb341b9000 	C:\Windows\System32\GDI32.dll
0x00007ffb32d60000 - 0x00007ffb32efc000 	C:\Windows\System32\gdi32full.dll
0x00007ffb336b0000 - 0x00007ffb33750000 	C:\Windows\System32\msvcp_win.dll
0x00007ffb328f0000 - 0x00007ffb329ea000 	C:\Windows\System32\ucrtbase.dll
0x00007ffb1bd90000 - 0x00007ffb1c009000 	C:\Windows\WinSxS\amd64_microsoft.windows.common-controls_6595b64144ccf1df_6.0.17763.1577_none_de7444545348a3d0\COMCTL32.dll
0x00007ffb33e00000 - 0x00007ffb3412d000 	C:\Windows\System32\combase.dll
0x00007ffb33950000 - 0x00007ffb339ce000 	C:\Windows\System32\bcryptPrimitives.dll
0x00007ffb34ac0000 - 0x00007ffb34aee000 	C:\Windows\System32\IMM32.DLL
0x0000000074540000 - 0x0000000074612000 	C:\Program Files\Android\Android Studio\jre\jre\bin\msvcr100.dll
0x0000000071810000 - 0x000000007205b000 	C:\Program Files\Android\Android Studio\jre\jre\bin\server\jvm.dll
0x00007ffb36700000 - 0x00007ffb36708000 	C:\Windows\System32\PSAPI.DLL
0x00007ffb2c0f0000 - 0x00007ffb2c0f9000 	C:\Windows\SYSTEM32\WSOCK32.dll
0x00007ffb30320000 - 0x00007ffb30344000 	C:\Windows\SYSTEM32\WINMM.dll
0x00007ffb2c570000 - 0x00007ffb2c57a000 	C:\Windows\SYSTEM32\VERSION.dll
0x00007ffb34fe0000 - 0x00007ffb3504d000 	C:\Windows\System32\WS2_32.dll
0x00007ffb2ff90000 - 0x00007ffb2ffbd000 	C:\Windows\SYSTEM32\winmmbase.dll
0x00007ffb32f00000 - 0x00007ffb32f4a000 	C:\Windows\System32\cfgmgr32.dll
0x00007ffb2ed90000 - 0x00007ffb2ed9f000 	C:\Program Files\Android\Android Studio\jre\jre\bin\verify.dll
0x00007ffb1f500000 - 0x00007ffb1f529000 	C:\Program Files\Android\Android Studio\jre\jre\bin\java.dll
0x00007ffb2e570000 - 0x00007ffb2e586000 	C:\Program Files\Android\Android Studio\jre\jre\bin\zip.dll
0x00007ffb35050000 - 0x00007ffb36549000 	C:\Windows\System32\SHELL32.dll
0x00007ffb33d40000 - 0x00007ffb33de8000 	C:\Windows\System32\shcore.dll
0x00007ffb32f50000 - 0x00007ffb336a3000 	C:\Windows\System32\windows.storage.dll
0x00007ffb328c0000 - 0x00007ffb328e4000 	C:\Windows\System32\profapi.dll
0x00007ffb32840000 - 0x00007ffb3289d000 	C:\Windows\System32\powrprof.dll
0x00007ffb367b0000 - 0x00007ffb36802000 	C:\Windows\System32\shlwapi.dll
0x00007ffb32820000 - 0x00007ffb32831000 	C:\Windows\System32\kernel.appcore.dll
0x00007ffb329f0000 - 0x00007ffb32a07000 	C:\Windows\System32\cryptsp.dll
0x00007ffb2e530000 - 0x00007ffb2e54a000 	C:\Program Files\Android\Android Studio\jre\jre\bin\net.dll
0x00007ffb32090000 - 0x00007ffb320f7000 	C:\Windows\system32\mswsock.dll
0x00007ffb2d160000 - 0x00007ffb2d173000 	C:\Program Files\Android\Android Studio\jre\jre\bin\nio.dll
0x00007ffb133c0000 - 0x00007ffb133e6000 	C:\Users\user\.gradle\native\30\windows-amd64\native-platform.dll
0x00007ffb2ed80000 - 0x00007ffb2ed8d000 	C:\Program Files\Android\Android Studio\jre\jre\bin\management.dll
0x00007ffb31c10000 - 0x00007ffb31c43000 	C:\Windows\system32\rsaenh.dll
0x00007ffb339d0000 - 0x00007ffb339f6000 	C:\Windows\System32\bcrypt.dll
0x00007ffb32720000 - 0x00007ffb32749000 	C:\Windows\SYSTEM32\USERENV.dll
0x00007ffb32260000 - 0x00007ffb3226c000 	C:\Windows\SYSTEM32\CRYPTBASE.dll
0x00007ffb31db0000 - 0x00007ffb31ded000 	C:\Windows\SYSTEM32\IPHLPAPI.DLL
0x00007ffb33df0000 - 0x00007ffb33df8000 	C:\Windows\System32\NSI.dll
0x00007ffb311a0000 - 0x00007ffb311b6000 	C:\Windows\SYSTEM32\dhcpcsvc6.DLL
0x00007ffb31180000 - 0x00007ffb3119c000 	C:\Windows\SYSTEM32\dhcpcsvc.DLL
0x00007ffb31df0000 - 0x00007ffb31eb6000 	C:\Windows\SYSTEM32\DNSAPI.dll

VM Arguments:
jvm_args: -Dorg.gradle.appname=gradlew 
java_command: org.gradle.wrapper.GradleWrapperMain -q -Ptarget-platform=android-x86 -Ptarget=C:\Users\user\Desktop\QristineVanesyan\task5\lib\main.dart -Ptrack-widget-creation=true -Pfilesystem-scheme=org-dartlang-root -Pdart-defines=flutter.inspector.structuredErrors%3Dtrue assembleDebug
java_class_path (initial): C:\Users\user\Desktop\QristineVanesyan\task5\android\\gradle\wrapper\gradle-wrapper.jar
Launcher Type: SUN_STANDARD

Environment Variables:
JAVA_HOME=C:\Program Files\Android\Android Studio\jre
CLASSPATH=C:\Users\user\Desktop\QristineVanesyan\task5\android\\gradle\wrapper\gradle-wrapper.jar
PATH=C:\Program Files\Python38\Scripts\;C:\Program Files\Python38\;C:\Program Files (x86)\Common Files\Oracle\Java\javapath;C:\Program Files\VanDyke Software\Clients\;C:\Windows\system32;C:\Windows;C:\Windows\System32\Wbem;C:\Windows\System32\WindowsPowerShell\v1.0\;C:\Windows\System32\OpenSSH\;C:\Program Files\Git\cmd;C:\Users\user\AppData\Local\Microsoft\WindowsApps;C:\Program Files\JetBrains\PhpStorm 2019.3.4\bin;;C:\src\flutter\bin;
USERNAME=user
OS=Windows_NT
PROCESSOR_IDENTIFIER=AMD64 Family 23 Model 24 Stepping 1, AuthenticAMD



---------------  S Y S T E M  ---------------

OS: Windows 10.0 , 64 bit Build 17763 (10.0.17763.475)

CPU:total 8 (initial active 8) (8 cores per cpu, 1 threads per core) family 23 model 24 stepping 1, cmov, cx8, fxsr, mmx, sse, sse2, sse3, ssse3, sse4.1, sse4.2, popcnt, avx, avx2, aes, clmul, mmxext, 3dnowpref, lzcnt, sse4a, tsc, tscinvbit, tscinv, bmi1

Memory: 4k page, physical 14554288k(5187540k free), swap 15373488k(116k free)

vm_info: OpenJDK 64-Bit Server VM (25.242-b01) for windows-amd64 JRE (1.8.0_242-release-1644-b01), built by "builder" with MS VC++ 10.0 (VS2010)

time: Wed Nov 18 20:45:20 2020
timezone: Caucasus Standard Time
elapsed time: 2 seconds (0d 0h 0m 2s)

