Flutter crash report.
Please report a bug at https://github.com/flutter/flutter/issues.

## command

flutter --quiet assemble --depfile C:\Users\user\Desktop\QristineVanesyan\task5\build\app\intermediates\flutter\debug/flutter_build.d --output C:\Users\user\Desktop\QristineVanesyan\task5\build\app\intermediates\flutter\debug -dTargetFile=C:\Users\user\Desktop\QristineVanesyan\task5\lib\main.dart -dTargetPlatform=android -dBuildMode=debug -dTrackWidgetCreation=true --DartDefines=flutter.inspector.structuredErrors%3Dtrue debug_android_application

## exception

ProcessException: ProcessException: The paging file is too small for this operation to complete.

  Command: "C:\Program Files\Git\cmd\git.EXE" -c log.showSignature=false log -n 1 --pretty=format:%H

```
#0      _ProcessImpl._runAndWait (dart:io-patch/process_patch.dart:473:7)
#1      _runNonInteractiveProcessSync (dart:io-patch/process_patch.dart:616:18)
#2      Process.runSync (dart:io-patch/process_patch.dart:66:12)
#3      LocalProcessManager.runSync (package:process/src/interface/local_process_manager.dart:91:20)
#4      ErrorHandlingProcessManager.runSync.<anonymous closure> (package:flutter_tools/src/base/error_handling_io.dart:481:37)
#5      _runSync (package:flutter_tools/src/base/error_handling_io.dart:380:14)
#6      ErrorHandlingProcessManager.runSync (package:flutter_tools/src/base/error_handling_io.dart:481:12)
#7      _DefaultProcessUtils.runSync (package:flutter_tools/src/base/process.dart:425:51)
#8      _runGit (package:flutter_tools/src/version.dart:672:23)
#9      new FlutterVersion (package:flutter_tools/src/version.dart:54:26)
#10     runInContext.<anonymous closure> (package:flutter_tools/src/context_runner.dart:163:29)
#11     AppContext._generateIfNecessary.<anonymous closure> (package:flutter_tools/src/base/context.dart:104:41)
#12     _LinkedHashMapMixin.putIfAbsent (dart:collection-patch/compact_hash.dart:291:23)
#13     AppContext._generateIfNecessary (package:flutter_tools/src/base/context.dart:92:20)
#14     AppContext.get (package:flutter_tools/src/base/context.dart:121:32)
#15     AppContext.get (package:flutter_tools/src/base/context.dart:119:23)
#16     flutterVersion (package:flutter_tools/src/globals.dart:88:46)
#17     FlutterCommandRunner.runCommand.<anonymous closure> (package:flutter_tools/src/runner/flutter_command_runner.dart:297:25)
#18     AppContext.run.<anonymous closure> (package:flutter_tools/src/base/context.dart:150:29)
#19     _rootRun (dart:async/zone.dart:1190:13)
#20     _CustomZone.run (dart:async/zone.dart:1093:19)
#21     _runZoned (dart:async/zone.dart:1630:10)
#22     runZoned (dart:async/zone.dart:1550:10)
#23     AppContext.run (package:flutter_tools/src/base/context.dart:149:18)
#24     FlutterCommandRunner.runCommand (package:flutter_tools/src/runner/flutter_command_runner.dart:281:19)
<asynchronous suspension>
#25     CommandRunner.run.<anonymous closure> (package:args/command_runner.dart:112:25)
#26     new Future.sync (dart:async/future.dart:223:31)
#27     CommandRunner.run (package:args/command_runner.dart:112:14)
#28     FlutterCommandRunner.run (package:flutter_tools/src/runner/flutter_command_runner.dart:230:18)
#29     run.<anonymous closure>.<anonymous closure> (package:flutter_tools/runner.dart:63:22)
#30     _rootRun (dart:async/zone.dart:1190:13)
#31     _CustomZone.run (dart:async/zone.dart:1093:19)
#32     _runZoned (dart:async/zone.dart:1630:10)
#33     runZonedGuarded (dart:async/zone.dart:1618:12)
#34     runZoned (dart:async/zone.dart:1547:12)
#35     run.<anonymous closure> (package:flutter_tools/runner.dart:61:18)
<asynchronous suspension>
#36     run.<anonymous closure> (package:flutter_tools/runner.dart)
#37     runInContext.runnerWrapper (package:flutter_tools/src/context_runner.dart:67:18)
<asynchronous suspension>
#38     runInContext.runnerWrapper (package:flutter_tools/src/context_runner.dart)
#39     AppContext.run.<anonymous closure> (package:flutter_tools/src/base/context.dart:150:29)
#40     _rootRun (dart:async/zone.dart:1190:13)
#41     _CustomZone.run (dart:async/zone.dart:1093:19)
#42     _runZoned (dart:async/zone.dart:1630:10)
#43     runZoned (dart:async/zone.dart:1550:10)
#44     AppContext.run (package:flutter_tools/src/base/context.dart:149:18)
#45     runInContext (package:flutter_tools/src/context_runner.dart:70:24)
#46     run (package:flutter_tools/runner.dart:46:10)
#47     main (package:flutter_tools/executable.dart:77:9)
#48     main (file:///C:/src/flutter/packages/flutter_tools/bin/flutter_tools.dart:8:3)
#49     _startIsolate.<anonymous closure> (dart:isolate-patch/isolate_patch.dart:299:32)
#50     _RawReceivePortImpl._handleMessage (dart:isolate-patch/isolate_patch.dart:168:12)
```

## flutter doctor

```
[✓] Flutter (Channel stable, 1.22.3, on Microsoft Windows [Version 10.0.17763.1637], locale en-US)
    • Flutter version 1.22.3 at C:\src\flutter
    • Framework revision 8874f21e79 (6 weeks ago), 2020-10-29 14:14:35 -0700
    • Engine revision a1440ca392
    • Dart version 2.10.3

[!] Android toolchain - develop for Android devices (Android SDK version 30.0.2)
    • Android SDK at C:\Users\user\AppData\Local\Android\sdk
    • Platform android-30, build-tools 30.0.2
    • Java binary at: C:\Program Files\Android\Android Studio\jre\bin\java
    • Java version OpenJDK Runtime Environment (build 1.8.0_242-release-1644-b01)

[✓] Android Studio (version 4.0)
    • Android Studio at C:\Program Files\Android\Android Studio
    • Flutter plugin installed
    • Dart plugin version 193.7547
    • Java version OpenJDK Runtime Environment (build 1.8.0_242-release-1644-b01)

[✓] Connected device (1 available)
    • sdk gphone x86 (mobile) • emulator-5554 • android-x86 • Android 11 (API 30) (emulator)

! Doctor found issues in 1 category.
```
